
ROM used:   1694/8192 (21%)
            1694/8192 (21%) including unused fragments

            1.2 Average locations per line
            6.0 Average locations per statement

RAM used:   26/368 (7%) at main() level
            40/368 (11%) worst case

Stack used: 7 worst case (5 in main + 2 for interrupts)
Stack size: 8

Lines Stmts  %   Files
----- ----- ---  -----
  268   184  65  DoHoSo.c
  671     0   0  ..\..\..\..\..\..\Program Files\PICC\Devices\16f877A.h
  456   100  35  ..\..\..\..\..\..\Program Files\PICC\Drivers\LCD.c
----- -----
 1395   284 Total

Page ROM  %  RAM   Vol Diff  Functions:
---- --- --- ---   --- ----  ----------
0     20   1    1             @delay_ms1
 Inline         3   760  4.5  lcd_read_byte
0     49   3    2   262  3.7  lcd_read_nibble
0     48   3    1   399  2.4  lcd_send_nibble
0     94   6    3   415  3.7  lcd_send_byte
0     70   4    6   852  6.2  lcd_init
0     18   1    4   208  6.3  lcd_gotoxy
0     44   3    1   354  4.7  lcd_putc
 Inline         3             @I2C_READ_1
0     92   5    1             @I2C_WRITE_1
0     53   3    5   176  4.8  BCD2DEC
 Inline         2             @MUL88
0     24   1    5   176  4.8  DEC2BCD
0     21   1    3             @DIV88
0     21   1    2    83  2.5  display
0     72   4    2   102  1.8  write_data
0    222  13    2   188  2.4  read_data
0     80   5    1   399  1.9  update_ds1307
0    237  14    1  3375  8.9  set_time
0     10   1    0             @goto10846
0     10   1    0             @goto10901
0    312  18    1  2318  5.9  MAIN
0      3   0    0             @const701
0     86   5    4             @PSTRINGC7_645
0      3   0    0             @const703
0      1   0    0             @const704
0      1   0    0             @const705
0      1   0    0             @const706
0      1   0    0             @const707
0      2   0    0             @const708
0      2   0    0             @const709
0      2   0    0             @const710
0      2   0    0             @const711
0      2   0    0             @const712
0      2   0    0             @const713
0     10   1    0             @goto10962
 Inline         0             @cinit1

Program metrics:
    Functions               15
    Statements              284
    Comments                272
    Volume (V)              15301
    Difficulty (D)          61.6
    Effort to implement (E) 942907
    Time to implement (T)   14 hours, 33 minutes
    Est Delivered Bugs (B)  3
    Cyclomatic Complexity   53
    Maintainability (MI)    102

 Segment     Used  Free
-----------  ----  ----
00000-00003     4  0  
00004-0004E    75  0  
0004F-007FF  1615  354  
00800-00FFF     0  2048  
01000-017FF     0  2048  
01800-01FFF     0  2048  



